[0mGET /account [32m200 [0m11.043 ms - 1695[0m
[0mGET /account [36m304 [0m2.340 ms - -[0m
[0mGET /account [36m304 [0m1.172 ms - -[0m
[0mGET /account/mRQiD4s3K [32m200 [0m2.990 ms - 668[0m
[0mGET /account/mRQiD4s3K [36m304 [0m16.975 ms - -[0m
[0mGET /account [32m200 [0m12.173 ms - 935[0m
[0mGET /account [36m304 [0m1.533 ms - -[0m
[0mGET /account [36m304 [0m1.080 ms - -[0m
[0mGET /account [36m304 [0m1.140 ms - -[0m
[0mGET /account [36m304 [0m1.599 ms - -[0m
[0mGET /account [36m304 [0m1.146 ms - -[0m
[0mGET /account [36m304 [0m1.524 ms - -[0m
[0mGET /account [36m304 [0m2.448 ms - -[0m
[0mGET /acount [33m404 [0m2.055 ms - 1563[0m
[0mGET /acount [33m404 [0m15.361 ms - 1563[0m
[0mGET /account [36m304 [0m4.696 ms - -[0m
[0mGET /account [36m304 [0m1.851 ms - -[0m
[0mGET /account [36m304 [0m1.709 ms - -[0m
[0mGET /account [36m304 [0m28.116 ms - -[0m
[0mGET /account [36m304 [0m16.634 ms - -[0m
[0mGET /account [36m304 [0m2.522 ms - -[0m
[0mGET / [33m404 [0m2.479 ms - 1563[0m
[0mGET /account [36m304 [0m1.349 ms - -[0m
[0mGET /account [36m304 [0m1.061 ms - -[0m
[0mGET /account [36m304 [0m14.222 ms - -[0m
[0mGET /account [36m304 [0m1.702 ms - -[0m
[0mGET /account [36m304 [0m20.495 ms - -[0m
[0mGET /account [36m304 [0m1.851 ms - -[0m
[0mGET /account [36m304 [0m1.086 ms - -[0m
[0mGET /account [36m304 [0m2.366 ms - -[0m
[0mGET /account [32m200 [0m10.614 ms - 3221[0m
[0mGET / [33m404 [0m16.903 ms - 1563[0m
[0mGET / [33m404 [0m2.713 ms - 1563[0m
[0mGET / [33m404 [0m27749.808 ms - 1563[0m
[0mGET / [33m404 [0m5230.576 ms - 1566[0m
[0mGET / [33m404 [0m15.339 ms - 1563[0m
[0mGET /account [32m200 [0m7.221 ms - 3221[0m
